c:\users\hkhan.bese15seecs\desktop\sc_lab1\matrixclient\matrixlib\debug\matrixlib.pch
c:\users\hkhan.bese15seecs\desktop\sc_lab1\matrixclient\matrixlib\debug\vc120.pdb
c:\users\hkhan.bese15seecs\desktop\sc_lab1\matrixclient\matrixlib\debug\stdafx.obj
c:\users\hkhan.bese15seecs\desktop\sc_lab1\matrixclient\matrixlib\debug\matrixmultiplication.obj
c:\users\hkhan.bese15seecs\desktop\sc_lab1\matrixclient\matrixlib\debug\matrixlib.obj
c:\users\hkhan.bese15seecs\desktop\sc_lab1\matrixclient\matrixlib\debug\matrixinverse.obj
c:\users\hkhan.bese15seecs\desktop\sc_lab1\matrixclient\matrixlib\debug\matrixaddsub.obj
c:\users\hkhan.bese15seecs\desktop\sc_lab1\matrixclient\matrixlib\debug\assemblyinfo.obj
c:\users\hkhan.bese15seecs\desktop\sc_lab1\matrixclient\matrixlib\debug\.netframework,version=v4.5.assemblyattributes.obj
c:\users\hkhan.bese15seecs\desktop\sc_lab1\matrixclient\debug\matrixlib.dll
c:\users\hkhan.bese15seecs\desktop\sc_lab1\matrixclient\debug\matrixlib.pdb
c:\users\hkhan.bese15seecs\desktop\sc_lab1\matrixclient\matrixlib\debug\app.res
c:\users\hkhan.bese15seecs\desktop\sc_lab1\matrixclient\matrixlib\debug\matrixlib.tlog\cl.command.1.tlog
c:\users\hkhan.bese15seecs\desktop\sc_lab1\matrixclient\matrixlib\debug\matrixlib.tlog\cl.read.1.tlog
c:\users\hkhan.bese15seecs\desktop\sc_lab1\matrixclient\matrixlib\debug\matrixlib.tlog\cl.write.1.tlog
c:\users\hkhan.bese15seecs\desktop\sc_lab1\matrixclient\matrixlib\debug\matrixlib.tlog\link.command.1.tlog
c:\users\hkhan.bese15seecs\desktop\sc_lab1\matrixclient\matrixlib\debug\matrixlib.tlog\link.read.1.tlog
c:\users\hkhan.bese15seecs\desktop\sc_lab1\matrixclient\matrixlib\debug\matrixlib.tlog\link.write.1.tlog
c:\users\hkhan.bese15seecs\desktop\sc_lab1\matrixclient\matrixlib\debug\matrixlib.tlog\metagen.read.1.tlog
c:\users\hkhan.bese15seecs\desktop\sc_lab1\matrixclient\matrixlib\debug\matrixlib.tlog\metagen.write.1.tlog
c:\users\hkhan.bese15seecs\desktop\sc_lab1\matrixclient\matrixlib\debug\matrixlib.tlog\rc.command.1.tlog
c:\users\hkhan.bese15seecs\desktop\sc_lab1\matrixclient\matrixlib\debug\matrixlib.tlog\rc.read.1.tlog
c:\users\hkhan.bese15seecs\desktop\sc_lab1\matrixclient\matrixlib\debug\matrixlib.tlog\rc.write.1.tlog
c:\users\hkhan.bese15seecs\desktop\sc_lab1\matrixclient\matrixlib\debug\matrixlib.tlog\tzres.dll.bi
